0 info it worked if it ends with ok
1 verbose cli [ 'E:\\Program Files\\nodejs\\node.exe',
1 verbose cli   'E:\\Program Files\\nodejs\\node_modules\\npm\\bin\\npm-cli.js',
1 verbose cli   'run',
1 verbose cli   'build:watch' ]
2 info using npm@3.10.10
3 info using node@v6.10.0
4 verbose run-script [ 'prebuild:watch', 'build:watch', 'postbuild:watch' ]
5 info lifecycle angular-io-example@1.0.0~prebuild:watch: angular-io-example@1.0.0
6 silly lifecycle angular-io-example@1.0.0~prebuild:watch: no script for prebuild:watch, continuing
7 info lifecycle angular-io-example@1.0.0~build:watch: angular-io-example@1.0.0
8 verbose lifecycle angular-io-example@1.0.0~build:watch: unsafe-perm in lifecycle true
9 verbose lifecycle angular-io-example@1.0.0~build:watch: PATH: E:\Program Files\nodejs\node_modules\npm\bin\node-gyp-bin;C:\Users\Milica\Desktop\IT255-DZ10\node_modules\.bin;E:\Program Files\nodejs\node_modules\npm\bin\node-gyp-bin;C:\Users\Milica\Desktop\IT255-DZ10\node_modules\.bin;C:\ProgramData\Oracle\Java\javapath;C:\WINDOWS\system32;C:\WINDOWS;C:\WINDOWS\System32\Wbem;C:\WINDOWS\System32\WindowsPowerShell\v1.0\;C:\cygwin\bin;C:\WINDOWS\system32\config\systemprofile\.dnx\bin;C:\Program Files\Microsoft DNX\Dnvm\;C:\Program Files (x86)\Windows Kits\10\Windows Performance Toolkit\;C:\Program Files (x86)\Brackets\command;E:\Program Files\010 Editor;E:\Program Files\nodejs\;E:\Program Files\Git\cmd;E:\Strawberry\c\bin;E:\Strawberry\perl\site\bin;E:\Strawberry\perl\bin;C:\Program Files (x86)\Skype\Phone\;C:\Users\Milica\AppData\Local\Microsoft\WindowsApps;C:\Users\Milica\AppData\Roaming\npm;C:\Users\Milica\AppData\Local\Programs\Python\Python36-32\
10 verbose lifecycle angular-io-example@1.0.0~build:watch: CWD: C:\Users\Milica\Desktop\IT255-DZ10
11 silly lifecycle angular-io-example@1.0.0~build:watch: Args: [ '/d /s /c', 'tsc -p src/ -w' ]
12 silly lifecycle angular-io-example@1.0.0~build:watch: Returned: code: 3221225786  signal: null
13 info lifecycle angular-io-example@1.0.0~build:watch: Failed to exec build:watch script
14 verbose stack Error: angular-io-example@1.0.0 build:watch: `tsc -p src/ -w`
14 verbose stack Exit status 3221225786
14 verbose stack     at EventEmitter.<anonymous> (E:\Program Files\nodejs\node_modules\npm\lib\utils\lifecycle.js:255:16)
14 verbose stack     at emitTwo (events.js:106:13)
14 verbose stack     at EventEmitter.emit (events.js:191:7)
14 verbose stack     at ChildProcess.<anonymous> (E:\Program Files\nodejs\node_modules\npm\lib\utils\spawn.js:40:14)
14 verbose stack     at emitTwo (events.js:106:13)
14 verbose stack     at ChildProcess.emit (events.js:191:7)
14 verbose stack     at maybeClose (internal/child_process.js:877:16)
14 verbose stack     at Process.ChildProcess._handle.onexit (internal/child_process.js:226:5)
15 verbose pkgid angular-io-example@1.0.0
16 verbose cwd C:\Users\Milica\Desktop\IT255-DZ10
17 error Windows_NT 10.0.14393
18 error argv "E:\\Program Files\\nodejs\\node.exe" "E:\\Program Files\\nodejs\\node_modules\\npm\\bin\\npm-cli.js" "run" "build:watch"
19 error node v6.10.0
20 error npm  v3.10.10
21 error code ELIFECYCLE
22 error angular-io-example@1.0.0 build:watch: `tsc -p src/ -w`
22 error Exit status 3221225786
23 error Failed at the angular-io-example@1.0.0 build:watch script 'tsc -p src/ -w'.
23 error Make sure you have the latest version of node.js and npm installed.
23 error If you do, this is most likely a problem with the angular-io-example package,
23 error not with npm itself.
23 error Tell the author that this fails on your system:
23 error     tsc -p src/ -w
23 error You can get information on how to open an issue for this project with:
23 error     npm bugs angular-io-example
23 error Or if that isn't available, you can get their info via:
23 error     npm owner ls angular-io-example
23 error There is likely additional logging output above.
24 verbose exit [ 1, true ]
